#
# A fatal error has been detected by the Java Runtime Environment:
#
#  SIGSEGV (0xb) at pc=0x00007fff3abd46ab, pid=26033, tid=84011
#
# JRE version: Java(TM) SE Runtime Environment (21.0+35) (build 21+35-LTS-2513)
# Java VM: Java HotSpot(TM) 64-Bit Server VM (21+35-LTS-2513, mixed mode, sharing, tiered, compressed oops, compressed class ptrs, g1 gc, bsd-amd64)
# Problematic frame:
# C  [CoreVideo+0x26ab]  CVCGDisplayLink::getDisplayTimes(unsigned long long*, unsigned long long*, unsigned long long*)+0x41
#
# No core dump will be written. Core dumps have been disabled. To enable core dumping, try "ulimit -c unlimited" before starting Java again
#
# If you would like to submit a bug report, please visit:
#   https://bugreport.java.com/bugreport/crash.jsp
#

---------------  S U M M A R Y ------------

Command Line: -Dfile.encoding=UTF-8 --module-path=/Users/macintosh/Desktop/part 3/ui-dashboard-001/build/classes com.raven.main.Main

Host: "MacBookPro16,3" x86_64 1400 MHz, 8 cores, 8G, Darwin 19.6.0, macOS 10.15.7 (19H1323)
Time: Thu Oct 12 18:59:35 2023 CEST elapsed time: 1617.019417 seconds (0d 0h 26m 57s)

---------------  T H R E A D  ---------------

Current thread is native thread

Stack: [0x000070000c937000,0x000070000c9b7000],  sp=0x000070000c9b6d60,  free space=511k
Native frames: (J=compiled Java code, j=interpreted, Vv=VM code, C=native code)
C  [CoreVideo+0x26ab]  CVCGDisplayLink::getDisplayTimes(unsigned long long*, unsigned long long*, unsigned long long*)+0x41
C  [CoreVideo+0x2525]  CVHWTime::update(double, bool*, bool*)+0x39
C  [CoreVideo+0x23de]  CVXTime::update()+0x2c
C  [CoreVideo+0x211c]  CVDisplayLink::runIOThread()+0xc6
C  [libsystem_pthread.dylib+0x6109]  _pthread_start+0x94
C  [libsystem_pthread.dylib+0x1b8b]  thread_start+0xf

siginfo: si_signo: 11 (SIGSEGV), si_code: 1 (SEGV_MAPERR), si_addr: 0x0000000000000040

Registers:
RAX=0x0000000000000000, RBX=0x00007f85e44a7f58, RCX=0x000070000c9b6da8, RDX=0x000070000c9b6db0
RSP=0x000070000c9b6d60, RBP=0x000070000c9b6d90, RSI=0x000070000c9b6db8, RDI=0x00007f85e9008a20
R8 =0x00000000000ca262, R9 =0x00007f85e9008a50, R10=0x00007f85e9008a58, R11=0x0000000000000206
R12=0x000070000c9b6db8, R13=0x0000000000000000, R14=0x000070000c9b6e07, R15=0x000070000c9b6db0
RIP=0x00007fff3abd46ab, EFLAGS=0x0000000000010246, ERR=0x0000000000000004
  TRAPNO=0x000000000000000e


Top of Stack: (sp=0x000070000c9b6d60)
0x000070000c9b6d60:   000070000c9b6da8 00007f85e44a7f58
0x000070000c9b6d70:   000070000c9b6da8 0000000000000000
0x000070000c9b6d80:   000070000c9b6e07 000070000c9b6e06
0x000070000c9b6d90:   000070000c9b6de0 00007fff3abd4525
0x000070000c9b6da0:   0000000000000000 0000000000000008
0x000070000c9b6db0:   0000000000000000 0000000000000000
0x000070000c9b6dc0:   00007f85e44a7f50 0000000000000000
0x000070000c9b6dd0:   000000000001482b 0000000000000000
0x000070000c9b6de0:   000070000c9b6e20 00007fff3abd43de
0x000070000c9b6df0:   00007fff7303b6df 000000000001482b
0x000070000c9b6e00:   000070000c9b6e20 00007f85e9008a20
0x000070000c9b6e10:   000000000001482b 0000000000000000
0x000070000c9b6e20:   000070000c9b6fb0 00007fff3abd411c
0x000070000c9b6e30:   0000000000000000 0000000000000017
0x000070000c9b6e40:   0000000000000000 0000000000000000
0x000070000c9b6e50:   0000000000000000 0000000000000000
0x000070000c9b6e60:   0000000000000000 0000000000000000
0x000070000c9b6e70:   0000000000000000 0000000000000000
0x000070000c9b6e80:   0000000000000000 00007f85e9008a38
0x000070000c9b6e90:   0000000000000000 0000000201404410
0x000070000c9b6ea0:   000065b100000000 000001f500006347
0x000070000c9b6eb0:   000001f500000014 000001f500000014
0x000070000c9b6ec0:   0000000000000014 65686e006176616a
0x000070000c9b6ed0:   000000007265706c 65686e006176616a
0x000070000c9b6ee0:   000000007265706c 0000000000000000
0x000070000c9b6ef0:   0000000000000000 0000626100000190
0x000070000c9b6f00:   ffffffff00000001 0000000000000000
0x000070000c9b6f10:   0000000065281af3 00000000000c1db1
0x000070000c9b6f20:   0000000226ab5000 000000000465d000
0x000070000c9b6f30:   00000000de0a0462 000000006fb2071a
0x000070000c9b6f40:   00000000d6678221 0000000065e7a621
0x000070000c9b6f50:   00009c2900000001 00000d5f00000001 

Instructions: (pc=0x00007fff3abd46ab)
0x00007fff3abd45ab:   89 43 34 48 29 d6 48 89 73 18 83 c1 fe 89 4b 30
0x00007fff3abd45bb:   48 29 d6 eb 73 48 8b 45 d8 4c 39 d1 75 0a 48 3b
0x00007fff3abd45cb:   43 20 0f 84 67 ff ff ff 41 c6 07 01 48 c7 43 28
0x00007fff3abd45db:   01 00 00 00 89 4b 38 48 89 43 20 8d 51 ff 89 53
0x00007fff3abd45eb:   34 48 8b 53 08 48 29 d0 48 89 43 18 83 c1 fe 89
0x00007fff3abd45fb:   4b 30 48 29 d0 48 89 43 10 eb 57 41 c6 06 01 48
0x00007fff3abd460b:   c7 43 28 01 00 00 00 89 4b 38 48 89 73 20 8d 41
0x00007fff3abd461b:   ff 89 43 34 48 8b 43 08 48 29 c6 48 89 73 18 83
0x00007fff3abd462b:   c1 fe 89 4b 30 48 29 c6 48 89 73 10 eb 24 49 ff
0x00007fff3abd463b:   c0 4c 89 43 28 8b 43 34 89 43 30 48 8b 43 18 48
0x00007fff3abd464b:   89 43 10 44 89 53 34 4c 89 4b 18 89 4b 38 48 89
0x00007fff3abd465b:   73 20 48 83 c4 20 5b 41 5c 41 5e 41 5f 5d c3 55
0x00007fff3abd466b:   48 89 e5 41 57 41 56 41 55 41 54 53 50 49 89 d7
0x00007fff3abd467b:   49 89 f4 80 bf 8c 05 00 00 00 74 19 4c 89 e6 4c
0x00007fff3abd468b:   89 fa 48 83 c4 08 5b 41 5c 41 5d 41 5e 41 5f 5d
0x00007fff3abd469b:   e9 e0 3b 02 00 48 89 4d d0 48 8b 87 78 05 00 00
0x00007fff3abd46ab:   4c 8b 70 40 48 8b 58 48 4c 8b 68 50 4c 3b 70 40
0x00007fff3abd46bb:   48 8b 50 48 48 8b 48 50 75 e6 48 39 d3 75 e1 49
0x00007fff3abd46cb:   39 cd 75 dc e8 a4 29 03 00 48 85 db 74 0a 4c 29
0x00007fff3abd46db:   f0 31 d2 48 f7 f3 eb 02 31 c0 48 89 c1 48 0f af
0x00007fff3abd46eb:   cb 4c 01 f1 49 01 c5 49 89 0c 24 49 89 1f 48 8b
0x00007fff3abd46fb:   45 d0 4c 89 28 48 83 c4 08 5b 41 5c 41 5d 41 5e
0x00007fff3abd470b:   41 5f 5d c3 90 55 48 89 e5 41 57 41 56 53 50 48
0x00007fff3abd471b:   89 f3 49 89 ff 4c 8d 77 18 4c 89 f7 e8 fa 29 03
0x00007fff3abd472b:   00 41 80 bf d0 01 00 00 00 74 13 49 8b bf 38 02
0x00007fff3abd473b:   00 00 48 89 de e8 7d 00 00 00 31 db eb 2e 31 c0
0x00007fff3abd474b:   48 89 43 48 48 89 43 40 48 89 43 38 48 89 43 30
0x00007fff3abd475b:   48 89 43 28 48 89 43 20 48 89 43 18 48 89 43 10
0x00007fff3abd476b:   48 89 43 08 48 89 03 bb f0 e5 ff ff 4c 89 f7 e8
0x00007fff3abd477b:   ad 29 03 00 89 d8 48 83 c4 08 5b 41 5e 41 5f 5d
0x00007fff3abd478b:   c3 55 48 89 e5 53 50 89 f3 e8 97 f5 ff ff 48 85
0x00007fff3abd479b:   c0 74 17 48 8b 08 48 8b 89 d8 00 00 00 48 89 c7 



---------------  P R O C E S S  ---------------

VM state: not at safepoint (normal execution)

VM Mutex/Monitor currently owned by a thread: None

Heap address: 0x0000000780000000, size: 2048 MB, Compressed Oops mode: Zero based, Oop shift amount: 3

CDS archive(s) mapped at: [0x0000000123000000-0x0000000123ca4000-0x0000000123ca4000), size 13254656, SharedBaseAddress: 0x0000000123000000, ArchiveRelocationMode: 1.
Compressed class space mapped at: 0x0000000124000000-0x0000000164000000, reserved size: 1073741824
Narrow klass base: 0x0000000123000000, Narrow klass shift: 0, Narrow klass range: 0x100000000

GC Precious Log:
<Skipped>

Heap:
 garbage-first heap   total 133120K, used 14269K [0x0000000780000000, 0x0000000800000000)
  region size 1024K, 13 young (13312K), 0 survivors (0K)
 Metaspace       used 12587K, committed 12928K, reserved 1114112K
  class space    used 1508K, committed 1664K, reserved 1048576K

Heap Regions: E=young(eden), S=young(survivor), O=old, HS=humongous(starts), HC=humongous(continues), CS=collection set, F=free, TAMS=top-at-mark-start, PB=parsable bottom
|   0|0x0000000780000000, 0x0000000780000000, 0x0000000780100000|  0%| F|  |TAMS 0x0000000780000000| PB 0x0000000780000000| Untracked 
|   1|0x0000000780100000, 0x0000000780100000, 0x0000000780200000|  0%| F|  |TAMS 0x0000000780100000| PB 0x0000000780100000| Untracked 
|   2|0x0000000780200000, 0x0000000780200000, 0x0000000780300000|  0%| F|  |TAMS 0x0000000780200000| PB 0x0000000780200000| Untracked 
|   3|0x0000000780300000, 0x0000000780300000, 0x0000000780400000|  0%| F|  |TAMS 0x0000000780300000| PB 0x0000000780300000| Untracked 
|   4|0x0000000780400000, 0x0000000780400000, 0x0000000780500000|  0%| F|  |TAMS 0x0000000780400000| PB 0x0000000780400000| Untracked 
|   5|0x0000000780500000, 0x0000000780500000, 0x0000000780600000|  0%| F|  |TAMS 0x0000000780500000| PB 0x0000000780500000| Untracked 
|   6|0x0000000780600000, 0x0000000780600000, 0x0000000780700000|  0%| F|  |TAMS 0x0000000780600000| PB 0x0000000780600000| Untracked 
|   7|0x0000000780700000, 0x0000000780700000, 0x0000000780800000|  0%| F|  |TAMS 0x0000000780700000| PB 0x0000000780700000| Untracked 
|   8|0x0000000780800000, 0x0000000780800000, 0x0000000780900000|  0%| F|  |TAMS 0x0000000780800000| PB 0x0000000780800000| Untracked 
|   9|0x0000000780900000, 0x0000000780900000, 0x0000000780a00000|  0%| F|  |TAMS 0x0000000780900000| PB 0x0000000780900000| Untracked 
|  10|0x0000000780a00000, 0x0000000780a00000, 0x0000000780b00000|  0%| F|  |TAMS 0x0000000780a00000| PB 0x0000000780a00000| Untracked 
|  11|0x0000000780b00000, 0x0000000780b00000, 0x0000000780c00000|  0%| F|  |TAMS 0x0000000780b00000| PB 0x0000000780b00000| Untracked 
|  12|0x0000000780c00000, 0x0000000780c00000, 0x0000000780d00000|  0%| F|  |TAMS 0x0000000780c00000| PB 0x0000000780c00000| Untracked 
|  13|0x0000000780d00000, 0x0000000780d00000, 0x0000000780e00000|  0%| F|  |TAMS 0x0000000780d00000| PB 0x0000000780d00000| Untracked 
|  14|0x0000000780e00000, 0x0000000780e00000, 0x0000000780f00000|  0%| F|  |TAMS 0x0000000780e00000| PB 0x0000000780e00000| Untracked 
|  15|0x0000000780f00000, 0x0000000780f00000, 0x0000000781000000|  0%| F|  |TAMS 0x0000000780f00000| PB 0x0000000780f00000| Untracked 
|  16|0x0000000781000000, 0x0000000781000000, 0x0000000781100000|  0%| F|  |TAMS 0x0000000781000000| PB 0x0000000781000000| Untracked 
|  17|0x0000000781100000, 0x0000000781100000, 0x0000000781200000|  0%| F|  |TAMS 0x0000000781100000| PB 0x0000000781100000| Untracked 
|  18|0x0000000781200000, 0x0000000781200000, 0x0000000781300000|  0%| F|  |TAMS 0x0000000781200000| PB 0x0000000781200000| Untracked 
|  19|0x0000000781300000, 0x0000000781300000, 0x0000000781400000|  0%| F|  |TAMS 0x0000000781300000| PB 0x0000000781300000| Untracked 
|  20|0x0000000781400000, 0x0000000781400000, 0x0000000781500000|  0%| F|  |TAMS 0x0000000781400000| PB 0x0000000781400000| Untracked 
|  21|0x0000000781500000, 0x0000000781500000, 0x0000000781600000|  0%| F|  |TAMS 0x0000000781500000| PB 0x0000000781500000| Untracked 
|  22|0x0000000781600000, 0x0000000781600000, 0x0000000781700000|  0%| F|  |TAMS 0x0000000781600000| PB 0x0000000781600000| Untracked 
|  23|0x0000000781700000, 0x0000000781700000, 0x0000000781800000|  0%| F|  |TAMS 0x0000000781700000| PB 0x0000000781700000| Untracked 
|  24|0x0000000781800000, 0x0000000781800000, 0x0000000781900000|  0%| F|  |TAMS 0x0000000781800000| PB 0x0000000781800000| Untracked 
|  25|0x0000000781900000, 0x0000000781900000, 0x0000000781a00000|  0%| F|  |TAMS 0x0000000781900000| PB 0x0000000781900000| Untracked 
|  26|0x0000000781a00000, 0x0000000781a00000, 0x0000000781b00000|  0%| F|  |TAMS 0x0000000781a00000| PB 0x0000000781a00000| Untracked 
|  27|0x0000000781b00000, 0x0000000781b00000, 0x0000000781c00000|  0%| F|  |TAMS 0x0000000781b00000| PB 0x0000000781b00000| Untracked 
|  28|0x0000000781c00000, 0x0000000781c00000, 0x0000000781d00000|  0%| F|  |TAMS 0x0000000781c00000| PB 0x0000000781c00000| Untracked 
|  29|0x0000000781d00000, 0x0000000781d00000, 0x0000000781e00000|  0%| F|  |TAMS 0x0000000781d00000| PB 0x0000000781d00000| Untracked 
|  30|0x0000000781e00000, 0x0000000781e00000, 0x0000000781f00000|  0%| F|  |TAMS 0x0000000781e00000| PB 0x0000000781e00000| Untracked 
|  31|0x0000000781f00000, 0x0000000781f00000, 0x0000000782000000|  0%| F|  |TAMS 0x0000000781f00000| PB 0x0000000781f00000| Untracked 
|  32|0x0000000782000000, 0x0000000782000000, 0x0000000782100000|  0%| F|  |TAMS 0x0000000782000000| PB 0x0000000782000000| Untracked 
|  33|0x0000000782100000, 0x0000000782100000, 0x0000000782200000|  0%| F|  |TAMS 0x0000000782100000| PB 0x0000000782100000| Untracked 
|  34|0x0000000782200000, 0x0000000782200000, 0x0000000782300000|  0%| F|  |TAMS 0x0000000782200000| PB 0x0000000782200000| Untracked 
|  35|0x0000000782300000, 0x0000000782300000, 0x0000000782400000|  0%| F|  |TAMS 0x0000000782300000| PB 0x0000000782300000| Untracked 
|  36|0x0000000782400000, 0x0000000782400000, 0x0000000782500000|  0%| F|  |TAMS 0x0000000782400000| PB 0x0000000782400000| Untracked 
|  37|0x0000000782500000, 0x0000000782500000, 0x0000000782600000|  0%| F|  |TAMS 0x0000000782500000| PB 0x0000000782500000| Untracked 
|  38|0x0000000782600000, 0x0000000782600000, 0x0000000782700000|  0%| F|  |TAMS 0x0000000782600000| PB 0x0000000782600000| Untracked 
|  39|0x0000000782700000, 0x0000000782700000, 0x0000000782800000|  0%| F|  |TAMS 0x0000000782700000| PB 0x0000000782700000| Untracked 
|  40|0x0000000782800000, 0x0000000782800000, 0x0000000782900000|  0%| F|  |TAMS 0x0000000782800000| PB 0x0000000782800000| Untracked 
|  41|0x0000000782900000, 0x0000000782900000, 0x0000000782a00000|  0%| F|  |TAMS 0x0000000782900000| PB 0x0000000782900000| Untracked 
|  42|0x0000000782a00000, 0x0000000782a00000, 0x0000000782b00000|  0%| F|  |TAMS 0x0000000782a00000| PB 0x0000000782a00000| Untracked 
|  43|0x0000000782b00000, 0x0000000782b00000, 0x0000000782c00000|  0%| F|  |TAMS 0x0000000782b00000| PB 0x0000000782b00000| Untracked 
|  44|0x0000000782c00000, 0x0000000782c00000, 0x0000000782d00000|  0%| F|  |TAMS 0x0000000782c00000| PB 0x0000000782c00000| Untracked 
|  45|0x0000000782d00000, 0x0000000782d00000, 0x0000000782e00000|  0%| F|  |TAMS 0x0000000782d00000| PB 0x0000000782d00000| Untracked 
|  46|0x0000000782e00000, 0x0000000782e00000, 0x0000000782f00000|  0%| F|  |TAMS 0x0000000782e00000| PB 0x0000000782e00000| Untracked 
|  47|0x0000000782f00000, 0x0000000782f00000, 0x0000000783000000|  0%| F|  |TAMS 0x0000000782f00000| PB 0x0000000782f00000| Untracked 
|  48|0x0000000783000000, 0x0000000783000000, 0x0000000783100000|  0%| F|  |TAMS 0x0000000783000000| PB 0x0000000783000000| Untracked 
|  49|0x0000000783100000, 0x0000000783100000, 0x0000000783200000|  0%| F|  |TAMS 0x0000000783100000| PB 0x0000000783100000| Untracked 
|  50|0x0000000783200000, 0x0000000783200000, 0x0000000783300000|  0%| F|  |TAMS 0x0000000783200000| PB 0x0000000783200000| Untracked 
|  51|0x0000000783300000, 0x0000000783300000, 0x0000000783400000|  0%| F|  |TAMS 0x0000000783300000| PB 0x0000000783300000| Untracked 
|  52|0x0000000783400000, 0x0000000783400000, 0x0000000783500000|  0%| F|  |TAMS 0x0000000783400000| PB 0x0000000783400000| Untracked 
|  53|0x0000000783500000, 0x0000000783500000, 0x0000000783600000|  0%| F|  |TAMS 0x0000000783500000| PB 0x0000000783500000| Untracked 
|  54|0x0000000783600000, 0x0000000783600000, 0x0000000783700000|  0%| F|  |TAMS 0x0000000783600000| PB 0x0000000783600000| Untracked 
|  55|0x0000000783700000, 0x0000000783700000, 0x0000000783800000|  0%| F|  |TAMS 0x0000000783700000| PB 0x0000000783700000| Untracked 
|  56|0x0000000783800000, 0x0000000783800000, 0x0000000783900000|  0%| F|  |TAMS 0x0000000783800000| PB 0x0000000783800000| Untracked 
|  57|0x0000000783900000, 0x0000000783900000, 0x0000000783a00000|  0%| F|  |TAMS 0x0000000783900000| PB 0x0000000783900000| Untracked 
|  58|0x0000000783a00000, 0x0000000783a00000, 0x0000000783b00000|  0%| F|  |TAMS 0x0000000783a00000| PB 0x0000000783a00000| Untracked 
|  59|0x0000000783b00000, 0x0000000783b00000, 0x0000000783c00000|  0%| F|  |TAMS 0x0000000783b00000| PB 0x0000000783b00000| Untracked 
|  60|0x0000000783c00000, 0x0000000783c00000, 0x0000000783d00000|  0%| F|  |TAMS 0x0000000783c00000| PB 0x0000000783c00000| Untracked 
|  61|0x0000000783d00000, 0x0000000783d00000, 0x0000000783e00000|  0%| F|  |TAMS 0x0000000783d00000| PB 0x0000000783d00000| Untracked 
|  62|0x0000000783e00000, 0x0000000783e00000, 0x0000000783f00000|  0%| F|  |TAMS 0x0000000783e00000| PB 0x0000000783e00000| Untracked 
|  63|0x0000000783f00000, 0x0000000783f00000, 0x0000000784000000|  0%| F|  |TAMS 0x0000000783f00000| PB 0x0000000783f00000| Untracked 
|  64|0x0000000784000000, 0x0000000784000000, 0x0000000784100000|  0%| F|  |TAMS 0x0000000784000000| PB 0x0000000784000000| Untracked 
|  65|0x0000000784100000, 0x0000000784100000, 0x0000000784200000|  0%| F|  |TAMS 0x0000000784100000| PB 0x0000000784100000| Untracked 
|  66|0x0000000784200000, 0x0000000784200000, 0x0000000784300000|  0%| F|  |TAMS 0x0000000784200000| PB 0x0000000784200000| Untracked 
|  67|0x0000000784300000, 0x0000000784300000, 0x0000000784400000|  0%| F|  |TAMS 0x0000000784300000| PB 0x0000000784300000| Untracked 
|  68|0x0000000784400000, 0x0000000784400000, 0x0000000784500000|  0%| F|  |TAMS 0x0000000784400000| PB 0x0000000784400000| Untracked 
|  69|0x0000000784500000, 0x0000000784500000, 0x0000000784600000|  0%| F|  |TAMS 0x0000000784500000| PB 0x0000000784500000| Untracked 
|  70|0x0000000784600000, 0x0000000784600000, 0x0000000784700000|  0%| F|  |TAMS 0x0000000784600000| PB 0x0000000784600000| Untracked 
|  71|0x0000000784700000, 0x0000000784700000, 0x0000000784800000|  0%| F|  |TAMS 0x0000000784700000| PB 0x0000000784700000| Untracked 
|  72|0x0000000784800000, 0x0000000784800000, 0x0000000784900000|  0%| F|  |TAMS 0x0000000784800000| PB 0x0000000784800000| Untracked 
|  73|0x0000000784900000, 0x0000000784900000, 0x0000000784a00000|  0%| F|  |TAMS 0x0000000784900000| PB 0x0000000784900000| Untracked 
|  74|0x0000000784a00000, 0x0000000784a00000, 0x0000000784b00000|  0%| F|  |TAMS 0x0000000784a00000| PB 0x0000000784a00000| Untracked 
|  75|0x0000000784b00000, 0x0000000784b00000, 0x0000000784c00000|  0%| F|  |TAMS 0x0000000784b00000| PB 0x0000000784b00000| Untracked 
|  76|0x0000000784c00000, 0x0000000784c00000, 0x0000000784d00000|  0%| F|  |TAMS 0x0000000784c00000| PB 0x0000000784c00000| Untracked 
|  77|0x0000000784d00000, 0x0000000784d00000, 0x0000000784e00000|  0%| F|  |TAMS 0x0000000784d00000| PB 0x0000000784d00000| Untracked 
|  78|0x0000000784e00000, 0x0000000784e00000, 0x0000000784f00000|  0%| F|  |TAMS 0x0000000784e00000| PB 0x0000000784e00000| Untracked 
|  79|0x0000000784f00000, 0x0000000784f00000, 0x0000000785000000|  0%| F|  |TAMS 0x0000000784f00000| PB 0x0000000784f00000| Untracked 
|  80|0x0000000785000000, 0x0000000785000000, 0x0000000785100000|  0%| F|  |TAMS 0x0000000785000000| PB 0x0000000785000000| Untracked 
|  81|0x0000000785100000, 0x0000000785100000, 0x0000000785200000|  0%| F|  |TAMS 0x0000000785100000| PB 0x0000000785100000| Untracked 
|  82|0x0000000785200000, 0x0000000785200000, 0x0000000785300000|  0%| F|  |TAMS 0x0000000785200000| PB 0x0000000785200000| Untracked 
|  83|0x0000000785300000, 0x0000000785300000, 0x0000000785400000|  0%| F|  |TAMS 0x0000000785300000| PB 0x0000000785300000| Untracked 
|  84|0x0000000785400000, 0x0000000785400000, 0x0000000785500000|  0%| F|  |TAMS 0x0000000785400000| PB 0x0000000785400000| Untracked 
|  85|0x0000000785500000, 0x0000000785500000, 0x0000000785600000|  0%| F|  |TAMS 0x0000000785500000| PB 0x0000000785500000| Untracked 
|  86|0x0000000785600000, 0x0000000785600000, 0x0000000785700000|  0%| F|  |TAMS 0x0000000785600000| PB 0x0000000785600000| Untracked 
|  87|0x0000000785700000, 0x0000000785700000, 0x0000000785800000|  0%| F|  |TAMS 0x0000000785700000| PB 0x0000000785700000| Untracked 
|  88|0x0000000785800000, 0x0000000785800000, 0x0000000785900000|  0%| F|  |TAMS 0x0000000785800000| PB 0x0000000785800000| Untracked 
|  89|0x0000000785900000, 0x0000000785900000, 0x0000000785a00000|  0%| F|  |TAMS 0x0000000785900000| PB 0x0000000785900000| Untracked 
|  90|0x0000000785a00000, 0x0000000785a00000, 0x0000000785b00000|  0%| F|  |TAMS 0x0000000785a00000| PB 0x0000000785a00000| Untracked 
|  91|0x0000000785b00000, 0x0000000785b00000, 0x0000000785c00000|  0%| F|  |TAMS 0x0000000785b00000| PB 0x0000000785b00000| Untracked 
|  92|0x0000000785c00000, 0x0000000785c00000, 0x0000000785d00000|  0%| F|  |TAMS 0x0000000785c00000| PB 0x0000000785c00000| Untracked 
|  93|0x0000000785d00000, 0x0000000785d00000, 0x0000000785e00000|  0%| F|  |TAMS 0x0000000785d00000| PB 0x0000000785d00000| Untracked 
|  94|0x0000000785e00000, 0x0000000785e00000, 0x0000000785f00000|  0%| F|  |TAMS 0x0000000785e00000| PB 0x0000000785e00000| Untracked 
|  95|0x0000000785f00000, 0x0000000785f00000, 0x0000000786000000|  0%| F|  |TAMS 0x0000000785f00000| PB 0x0000000785f00000| Untracked 
|  96|0x0000000786000000, 0x0000000786000000, 0x0000000786100000|  0%| F|  |TAMS 0x0000000786000000| PB 0x0000000786000000| Untracked 
|  97|0x0000000786100000, 0x0000000786100000, 0x0000000786200000|  0%| F|  |TAMS 0x0000000786100000| PB 0x0000000786100000| Untracked 
|  98|0x0000000786200000, 0x0000000786200000, 0x0000000786300000|  0%| F|  |TAMS 0x0000000786200000| PB 0x0000000786200000| Untracked 
|  99|0x0000000786300000, 0x0000000786300000, 0x0000000786400000|  0%| F|  |TAMS 0x0000000786300000| PB 0x0000000786300000| Untracked 
| 100|0x0000000786400000, 0x0000000786400000, 0x0000000786500000|  0%| F|  |TAMS 0x0000000786400000| PB 0x0000000786400000| Untracked 
| 101|0x0000000786500000, 0x0000000786500000, 0x0000000786600000|  0%| F|  |TAMS 0x0000000786500000| PB 0x0000000786500000| Untracked 
| 102|0x0000000786600000, 0x0000000786600000, 0x0000000786700000|  0%| F|  |TAMS 0x0000000786600000| PB 0x0000000786600000| Untracked 
| 103|0x0000000786700000, 0x0000000786700000, 0x0000000786800000|  0%| F|  |TAMS 0x0000000786700000| PB 0x0000000786700000| Untracked 
| 104|0x0000000786800000, 0x0000000786800000, 0x0000000786900000|  0%| F|  |TAMS 0x0000000786800000| PB 0x0000000786800000| Untracked 
| 105|0x0000000786900000, 0x0000000786900000, 0x0000000786a00000|  0%| F|  |TAMS 0x0000000786900000| PB 0x0000000786900000| Untracked 
| 106|0x0000000786a00000, 0x0000000786a00000, 0x0000000786b00000|  0%| F|  |TAMS 0x0000000786a00000| PB 0x0000000786a00000| Untracked 
| 107|0x0000000786b00000, 0x0000000786b00000, 0x0000000786c00000|  0%| F|  |TAMS 0x0000000786b00000| PB 0x0000000786b00000| Untracked 
| 108|0x0000000786c00000, 0x0000000786c00000, 0x0000000786d00000|  0%| F|  |TAMS 0x0000000786c00000| PB 0x0000000786c00000| Untracked 
| 109|0x0000000786d00000, 0x0000000786d00000, 0x0000000786e00000|  0%| F|  |TAMS 0x0000000786d00000| PB 0x0000000786d00000| Untracked 
| 110|0x0000000786e00000, 0x0000000786e00000, 0x0000000786f00000|  0%| F|  |TAMS 0x0000000786e00000| PB 0x0000000786e00000| Untracked 
| 111|0x0000000786f00000, 0x0000000786f00000, 0x0000000787000000|  0%| F|  |TAMS 0x0000000786f00000| PB 0x0000000786f00000| Untracked 
| 112|0x0000000787000000, 0x0000000787000000, 0x0000000787100000|  0%| F|  |TAMS 0x0000000787000000| PB 0x0000000787000000| Untracked 
| 113|0x0000000787100000, 0x0000000787100000, 0x0000000787200000|  0%| F|  |TAMS 0x0000000787100000| PB 0x0000000787100000| Untracked 
| 114|0x0000000787200000, 0x0000000787200000, 0x0000000787300000|  0%| F|  |TAMS 0x0000000787200000| PB 0x0000000787200000| Untracked 
| 115|0x0000000787300000, 0x00000007873ec148, 0x0000000787400000| 92%| E|  |TAMS 0x0000000787300000| PB 0x0000000787300000| Complete 
| 116|0x0000000787400000, 0x0000000787500000, 0x0000000787500000|100%| E|CS|TAMS 0x0000000787400000| PB 0x0000000787400000| Complete 
| 117|0x0000000787500000, 0x0000000787600000, 0x0000000787600000|100%| E|CS|TAMS 0x0000000787500000| PB 0x0000000787500000| Complete 
| 118|0x0000000787600000, 0x0000000787700000, 0x0000000787700000|100%| E|CS|TAMS 0x0000000787600000| PB 0x0000000787600000| Complete 
| 119|0x0000000787700000, 0x0000000787800000, 0x0000000787800000|100%| E|CS|TAMS 0x0000000787700000| PB 0x0000000787700000| Complete 
| 120|0x0000000787800000, 0x0000000787900000, 0x0000000787900000|100%| E|CS|TAMS 0x0000000787800000| PB 0x0000000787800000| Complete 
| 121|0x0000000787900000, 0x0000000787a00000, 0x0000000787a00000|100%| E|CS|TAMS 0x0000000787900000| PB 0x0000000787900000| Complete 
| 122|0x0000000787a00000, 0x0000000787b00000, 0x0000000787b00000|100%| E|CS|TAMS 0x0000000787a00000| PB 0x0000000787a00000| Complete 
| 123|0x0000000787b00000, 0x0000000787c00000, 0x0000000787c00000|100%| E|CS|TAMS 0x0000000787b00000| PB 0x0000000787b00000| Complete 
| 124|0x0000000787c00000, 0x0000000787d00000, 0x0000000787d00000|100%| E|CS|TAMS 0x0000000787c00000| PB 0x0000000787c00000| Complete 
| 125|0x0000000787d00000, 0x0000000787e00000, 0x0000000787e00000|100%| E|CS|TAMS 0x0000000787d00000| PB 0x0000000787d00000| Complete 
| 126|0x0000000787e00000, 0x0000000787f00000, 0x0000000787f00000|100%| E|CS|TAMS 0x0000000787e00000| PB 0x0000000787e00000| Complete 
| 127|0x0000000787f00000, 0x0000000788000000, 0x0000000788000000|100%| E|CS|TAMS 0x0000000787f00000| PB 0x0000000787f00000| Complete 
|2046|0x00000007ffe00000, 0x00000007fff00000, 0x00000007fff00000|100%| O|  |TAMS 0x00000007ffe00000| PB 0x00000007ffe00000| Untracked 
|2047|0x00000007fff00000, 0x00000007fff03548, 0x0000000800000000|  1%| O|  |TAMS 0x00000007fff00000| PB 0x00000007fff00000| Untracked 

Card table byte_map: [0x000000010e78b000,0x000000010eb8b000] _byte_map_base: 0x000000010ab8b000

Marking Bits: (CMBitMap*) 0x00007f85e6837610
 Bits: [0x000000010eb8b000, 0x0000000110b8b000)

Polling page: 0x0000000103b10000

Metaspace:

Usage:
  Non-class:     10.82 MB used.
      Class:      1.47 MB used.
       Both:     12.29 MB used.

Virtual space:
  Non-class space:       64.00 MB reserved,      11.00 MB ( 17%) committed,  1 nodes.
      Class space:        1.00 GB reserved,       1.62 MB ( <1%) committed,  1 nodes.
             Both:        1.06 GB reserved,      12.62 MB (  1%) committed. 

Chunk freelists:
   Non-Class:  5.00 MB
       Class:  14.23 MB
        Both:  19.23 MB

MaxMetaspaceSize: unlimited
CompressedClassSpaceSize: 1.00 GB
Initial GC threshold: 21.00 MB
Current GC threshold: 21.00 MB
CDS: on
 - commit_granule_bytes: 65536.
 - commit_granule_words: 8192.
 - virtual_space_node_default_size: 8388608.
 - enlarge_chunks_in_place: 1.
 - use_allocation_guard: 0.


Internal statistics:

num_allocs_failed_limit: 0.
num_arena_births: 206.
num_arena_deaths: 0.
num_vsnodes_births: 2.
num_vsnodes_deaths: 0.
num_space_committed: 202.
num_space_uncommitted: 0.
num_chunks_returned_to_freelist: 0.
num_chunks_taken_from_freelist: 266.
num_chunk_merges: 0.
num_chunk_splits: 167.
num_chunks_enlarged: 93.
num_inconsistent_stats: 0.

CodeHeap 'non-profiled nmethods': size=120028Kb used=690Kb max_used=690Kb free=119337Kb
 bounds [0x000000011b5aa000, 0x000000011b81a000, 0x0000000122ae1000]
CodeHeap 'profiled nmethods': size=120028Kb used=3781Kb max_used=3781Kb free=116246Kb
 bounds [0x0000000113ae1000, 0x0000000113ea1000, 0x000000011b018000]
CodeHeap 'non-nmethods': size=5704Kb used=1671Kb max_used=1700Kb free=4032Kb
 bounds [0x000000011b018000, 0x000000011b288000, 0x000000011b5aa000]
 total_blobs=2685 nmethods=1947 adapters=643
 compilation: enabled
              stopped_count=0, restarted_count=0
 full_count=0

Compilation events (20 events):
Event: 15.394 Thread 0x00007f85e7072a00 1937       1       sun.java2d.metal.MTLRenderQueue::access$000 (5 bytes)
Event: 15.394 Thread 0x00007f85e7072a00 nmethod 1937 0x000000011b654810 code [0x000000011b6549a0, 0x000000011b654a48]
Event: 28.478 Thread 0x00007f85e7072a00 1938       3       sun.java2d.pipe.RenderQueue::tryLock (4 bytes)
Event: 28.478 Thread 0x00007f85e7072a00 nmethod 1938 0x0000000113e91290 code [0x0000000113e91440, 0x0000000113e916e0]
Event: 28.478 Thread 0x00007f85e7072a00 1939       3       sun.awt.SunToolkit::awtTryLock (7 bytes)
Event: 28.479 Thread 0x00007f85e7072a00 nmethod 1939 0x0000000113e91810 code [0x0000000113e919c0, 0x0000000113e91bd8]
Event: 41.505 Thread 0x00007f85e7072a00 1940       3       java.util.concurrent.locks.ReentrantLock$Sync::tryLock (63 bytes)
Event: 41.505 Thread 0x00007f85e7072a00 nmethod 1940 0x0000000113e91d10 code [0x0000000113e91f20, 0x0000000113e92440]
Event: 114.447 Thread 0x00007f85e7063400 1941       4       sun.java2d.pipe.RenderBuffer::position (11 bytes)
Event: 114.448 Thread 0x00007f85e7063400 nmethod 1941 0x000000011b654b10 code [0x000000011b654c80, 0x000000011b654d10]
Event: 220.601 Thread 0x00007f85e7063400 1942       4       sun.java2d.pipe.RenderQueue::unlock (4 bytes)
Event: 220.606 Thread 0x00007f85e7063400 nmethod 1942 0x000000011b654e10 code [0x000000011b654fe0, 0x000000011b655280]
Event: 488.786 Thread 0x00007f85e7063400 1944       4       jdk.internal.misc.Blocker::end (71 bytes)
Event: 488.787 Thread 0x00007f85e7063400 nmethod 1944 0x000000011b655790 code [0x000000011b655900, 0x000000011b6559a0]
Event: 488.891 Thread 0x00007f85e7063400 1945   !   4       jdk.internal.misc.Blocker::begin (97 bytes)
Event: 488.893 Thread 0x00007f85e7063400 nmethod 1945 0x000000011b655a90 code [0x000000011b655c20, 0x000000011b655ce8]
Event: 507.855 Thread 0x00007f85e7063400 1946   !   4       java.lang.Object::wait (50 bytes)
Event: 507.858 Thread 0x00007f85e7063400 nmethod 1946 0x000000011b655e10 code [0x000000011b655fc0, 0x000000011b656140]
Event: 557.689 Thread 0x00007f85e7063400 1947       4       sun.java2d.pipe.RenderQueue::tryLock (4 bytes)
Event: 557.693 Thread 0x00007f85e7063400 nmethod 1947 0x000000011b656390 code [0x000000011b656520, 0x000000011b656778]

GC Heap History (0 events):
No events

Dll operation events (9 events):
Event: 0.007 Loaded shared library /Library/Java/JavaVirtualMachines/jdk-21.jdk/Contents/Home/lib/libjava.dylib
Event: 0.034 Loaded shared library /Library/Java/JavaVirtualMachines/jdk-21.jdk/Contents/Home/lib/libnio.dylib
Event: 0.069 Loaded shared library /Library/Java/JavaVirtualMachines/jdk-21.jdk/Contents/Home/lib/libzip.dylib
Event: 0.079 Loaded shared library /Library/Java/JavaVirtualMachines/jdk-21.jdk/Contents/Home/lib/libjimage.dylib
Event: 0.089 Loaded shared library /Library/Java/JavaVirtualMachines/jdk-21.jdk/Contents/Home/lib/libawt.dylib
Event: 0.091 Loaded shared library /Library/Java/JavaVirtualMachines/jdk-21.jdk/Contents/Home/lib/libawt_lwawt.dylib
Event: 0.124 Loaded shared library /Library/Java/JavaVirtualMachines/jdk-21.jdk/Contents/Home/lib/libfontmanager.dylib
Event: 0.258 Loaded shared library /Library/Java/JavaVirtualMachines/jdk-21.jdk/Contents/Home/lib/libosxui.dylib
Event: 1.079 Loaded shared library /Library/Java/JavaVirtualMachines/jdk-21.jdk/Contents/Home/lib/libverify.dylib

Deoptimization events (20 events):
Event: 1.212 Thread 0x00007f85e611a800 DEOPT PACKING pc=0x0000000113cf96d8 sp=0x000070000cec9af0
Event: 1.212 Thread 0x00007f85e611a800 DEOPT UNPACKING pc=0x000000011b06c72f sp=0x000070000cec8fc0 mode 0
Event: 1.213 Thread 0x00007f85e611a800 DEOPT PACKING pc=0x0000000113d0ea4a sp=0x000070000cec95d0
Event: 1.213 Thread 0x00007f85e611a800 DEOPT UNPACKING pc=0x000000011b06c72f sp=0x000070000cec8978 mode 0
Event: 1.216 Thread 0x00007f85e611a800 DEOPT PACKING pc=0x0000000113cf96d8 sp=0x000070000cec94a0
Event: 1.216 Thread 0x00007f85e611a800 DEOPT UNPACKING pc=0x000000011b06c72f sp=0x000070000cec8970 mode 0
Event: 1.217 Thread 0x00007f85e611a800 DEOPT PACKING pc=0x0000000113cf96d8 sp=0x000070000cec9a60
Event: 1.217 Thread 0x00007f85e611a800 DEOPT UNPACKING pc=0x000000011b06c72f sp=0x000070000cec8f30 mode 0
Event: 2.370 Thread 0x00007f85e611a800 DEOPT PACKING pc=0x0000000113d6e97e sp=0x000070000cec98a0
Event: 2.370 Thread 0x00007f85e611a800 DEOPT UNPACKING pc=0x000000011b06c72f sp=0x000070000cec8cb8 mode 0
Event: 2.494 Thread 0x00007f85e611a800 Uncommon trap: trap_request=0xffffff45 fr.pc=0x000000011b6348f4 relative=0x0000000000002bd4
Event: 2.494 Thread 0x00007f85e611a800 Uncommon trap: reason=unstable_if action=reinterpret pc=0x000000011b6348f4 method=sun.java2d.marlin.Renderer._endRendering(II)V @ 2585 c2
Event: 2.494 Thread 0x00007f85e611a800 DEOPT PACKING pc=0x000000011b6348f4 sp=0x000070000cec9880
Event: 2.494 Thread 0x00007f85e611a800 DEOPT UNPACKING pc=0x000000011b06bf99 sp=0x000070000cec9698 mode 2
Event: 3.686 Thread 0x00007f85e611a800 DEOPT PACKING pc=0x0000000113dfc9fe sp=0x000070000cec98a0
Event: 3.687 Thread 0x00007f85e611a800 DEOPT UNPACKING pc=0x000000011b06c72f sp=0x000070000cec8cb8 mode 0
Event: 3.884 Thread 0x00007f85e611a800 DEOPT PACKING pc=0x0000000113dfc9fe sp=0x000070000cec98a0
Event: 3.884 Thread 0x00007f85e611a800 DEOPT UNPACKING pc=0x000000011b06c72f sp=0x000070000cec8cb8 mode 0
Event: 4.784 Thread 0x00007f85e611a800 DEOPT PACKING pc=0x0000000113dfc9fe sp=0x000070000cec9820
Event: 4.784 Thread 0x00007f85e611a800 DEOPT UNPACKING pc=0x000000011b06c72f sp=0x000070000cec8c38 mode 0

Classes loaded (20 events):
Event: 1.235 Loading class java/awt/KeyboardFocusManager$3
Event: 1.235 Loading class java/awt/KeyboardFocusManager$3 done
Event: 1.235 Loading class sun/awt/im/InputMethodWindow
Event: 1.235 Loading class sun/awt/im/InputMethodWindow done
Event: 1.235 Loading class sun/awt/im/CompositionAreaHandler
Event: 1.235 Loading class sun/awt/im/CompositionAreaHandler done
Event: 1.235 Loading class java/text/AttributedString
Event: 1.235 Loading class java/text/AttributedString done
Event: 1.235 Loading class java/text/AttributedString$AttributedStringIterator
Event: 1.235 Loading class java/text/AttributedCharacterIterator
Event: 1.235 Loading class java/text/AttributedCharacterIterator done
Event: 1.235 Loading class java/text/AttributedString$AttributedStringIterator done
Event: 1.613 Loading class javax/swing/TimerQueue$DelayedTimer
Event: 1.613 Loading class java/util/concurrent/Delayed
Event: 1.613 Loading class java/util/concurrent/Delayed done
Event: 1.613 Loading class javax/swing/TimerQueue$DelayedTimer done
Event: 2.285 Loading class javax/swing/Timer$1
Event: 2.285 Loading class javax/swing/Timer$1 done
Event: 9.088 Loading class java/awt/LightweightDispatcher$2
Event: 9.088 Loading class java/awt/LightweightDispatcher$2 done

Classes unloaded (0 events):
No events

Classes redefined (0 events):
No events

Internal exceptions (20 events):
Event: 0.419 Thread 0x00007f85e611a800 Exception <a 'java/lang/NoSuchMethodError'{0x0000000787a21f68}: 'int java.lang.invoke.DirectMethodHandle$Holder.invokeSpecial(java.lang.Object, java.lang.Object, java.lang.Object, int)'> (0x0000000787a21f68) 
thrown [open/src/hotspot/share/interpreter/linkResolver.cpp, line 773]
Event: 0.420 Thread 0x00007f85e611a800 Exception <a 'java/lang/NoSuchMethodError'{0x0000000787a34400}: 'java.lang.Object java.lang.invoke.DirectMethodHandle$Holder.invokeStatic(java.lang.Object, java.lang.Object, java.lang.Object, java.lang.Object, int)'> (0x0000000787a34400) 
thrown [open/src/hotspot/share/interpreter/linkResolver.cpp, line 773]
Event: 0.421 Thread 0x00007f85e611a800 Exception <a 'java/lang/NoSuchMethodError'{0x0000000787a3c7f8}: 'int java.lang.invoke.DirectMethodHandle$Holder.invokeSpecial(java.lang.Object, java.lang.Object, java.lang.Object)'> (0x0000000787a3c7f8) 
thrown [open/src/hotspot/share/interpreter/linkResolver.cpp, line 773]
Event: 0.430 Thread 0x00007f85e611a800 Exception <a 'java/io/FileNotFoundException'{0x0000000787a58990}> (0x0000000787a58990) 
thrown [open/src/hotspot/share/prims/jni.cpp, line 520]
Event: 0.431 Thread 0x00007f85e611a800 Exception <a 'java/io/FileNotFoundException'{0x0000000787a5a180}> (0x0000000787a5a180) 
thrown [open/src/hotspot/share/prims/jni.cpp, line 520]
Event: 0.437 Thread 0x00007f85e611a800 Exception <a 'java/lang/NoSuchMethodError'{0x0000000787a6e6c8}: 'void java.lang.invoke.Invokers$Holder.invokeExact_MT(java.lang.Object, java.lang.Object, java.lang.Object, java.lang.Object)'> (0x0000000787a6e6c8) 
thrown [open/src/hotspot/share/interpreter/linkResolver.cpp, line 773]
Event: 0.441 Thread 0x00007f85e611a800 Exception <a 'java/lang/NoSuchMethodError'{0x000000078787a008}: 'java.lang.Object java.lang.invoke.DirectMethodHandle$Holder.newInvokeSpecial(java.lang.Object, java.lang.Object, java.lang.Object, int, java.lang.Object)'> (0x000000078787a008) 
thrown [open/src/hotspot/share/interpreter/linkResolver.cpp, line 773]
Event: 0.441 Thread 0x00007f85e611a800 Exception <a 'java/lang/NoSuchMethodError'{0x00000007878814c0}: 'java.lang.Object java.lang.invoke.Invokers$Holder.linkToTargetMethod(java.lang.Object, java.lang.Object, int, java.lang.Object, java.lang.Object)'> (0x00000007878814c0) 
thrown [open/src/hotspot/share/interpreter/linkResolver.cpp, line 773]
Event: 0.450 Thread 0x00007f85e611a800 Exception <a 'java/lang/NoSuchMethodError'{0x0000000787888568}: 'void java.lang.invoke.DirectMethodHandle$Holder.invokeStatic(java.lang.Object, int, long)'> (0x0000000787888568) 
thrown [open/src/hotspot/share/interpreter/linkResolver.cpp, line 773]
Event: 0.459 Thread 0x00007f85e611a800 Exception <a 'java/lang/NoSuchMethodError'{0x00000007878a85d8}: 'java.lang.Object java.lang.invoke.Invokers$Holder.linkToTargetMethod(int, int, int, int, java.lang.Object)'> (0x00000007878a85d8) 
thrown [open/src/hotspot/share/interpreter/linkResolver.cpp, line 773]
Event: 0.460 Thread 0x00007f85e611a800 Exception <a 'java/lang/NoSuchMethodError'{0x00000007878abfb0}: 'void java.lang.invoke.DirectMethodHandle$Holder.invokeStatic(java.lang.Object, java.lang.Object, long)'> (0x00000007878abfb0) 
thrown [open/src/hotspot/share/interpreter/linkResolver.cpp, line 773]
Event: 0.485 Thread 0x00007f85e7060e00 Exception <a 'java/lang/NoSuchMethodError'{0x000000078771a4c0}: 'void java.lang.invoke.DirectMethodHandle$Holder.invokeStatic(java.lang.Object, long)'> (0x000000078771a4c0) 
thrown [open/src/hotspot/share/interpreter/linkResolver.cpp, line 773]
Event: 0.493 Thread 0x00007f85e611a800 Exception <a 'java/io/FileNotFoundException'{0x00000007878d7998}> (0x00000007878d7998) 
thrown [open/src/hotspot/share/prims/jni.cpp, line 520]
Event: 1.034 Thread 0x00007f85e611a800 Exception <a 'java/io/FileNotFoundException'{0x00000007877e5cc0}> (0x00000007877e5cc0) 
thrown [open/src/hotspot/share/prims/jni.cpp, line 520]
Event: 1.036 Thread 0x00007f85e611a800 Exception <a 'java/io/FileNotFoundException'{0x00000007877ea1b0}> (0x00000007877ea1b0) 
thrown [open/src/hotspot/share/prims/jni.cpp, line 520]
Event: 1.037 Thread 0x00007f85e611a800 Exception <a 'java/io/FileNotFoundException'{0x00000007877eea10}> (0x00000007877eea10) 
thrown [open/src/hotspot/share/prims/jni.cpp, line 520]
Event: 1.040 Thread 0x00007f85e611a800 Exception <a 'java/io/FileNotFoundException'{0x00000007877f5370}> (0x00000007877f5370) 
thrown [open/src/hotspot/share/prims/jni.cpp, line 520]
Event: 1.131 Thread 0x00007f85e611a800 Exception <a 'java/lang/NoSuchMethodError'{0x00000007875df4a8}: 'void java.lang.invoke.DirectMethodHandle$Holder.invokeSpecial(java.lang.Object, java.lang.Object, long)'> (0x00000007875df4a8) 
thrown [open/src/hotspot/share/interpreter/linkResolver.cpp, line 773]
Event: 1.131 Thread 0x00007f85e611a800 Exception <a 'java/lang/NoSuchMethodError'{0x00000007875e4b00}: 'void java.lang.invoke.DirectMethodHandle$Holder.invokeStatic(java.lang.Object, long, long)'> (0x00000007875e4b00) 
thrown [open/src/hotspot/share/interpreter/linkResolver.cpp, line 773]
Event: 1.131 Thread 0x00007f85e611a800 Exception <a 'java/lang/NoSuchMethodError'{0x00000007875e9b60}: 'java.lang.Object java.lang.invoke.DirectMethodHandle$Holder.newInvokeSpecial(java.lang.Object, long)'> (0x00000007875e9b60) 
thrown [open/src/hotspot/share/interpreter/linkResolver.cpp, line 773]

ZGC Phase Switch (0 events):
No events

VM Operations (20 events):
Event: 3.601 Executing VM operation: Cleanup
Event: 3.601 Executing VM operation: Cleanup done
Event: 4.606 Executing VM operation: Cleanup
Event: 4.606 Executing VM operation: Cleanup done
Event: 5.609 Executing VM operation: Cleanup
Event: 5.609 Executing VM operation: Cleanup done
Event: 6.612 Executing VM operation: Cleanup
Event: 6.612 Executing VM operation: Cleanup done
Event: 7.617 Executing VM operation: Cleanup
Event: 7.617 Executing VM operation: Cleanup done
Event: 8.617 Executing VM operation: Cleanup
Event: 8.617 Executing VM operation: Cleanup done
Event: 9.617 Executing VM operation: Cleanup
Event: 9.617 Executing VM operation: Cleanup done
Event: 12.621 Executing VM operation: Cleanup
Event: 12.621 Executing VM operation: Cleanup done
Event: 60.258 Executing VM operation: HandshakeAllThreads (HandshakeForDeflation)
Event: 60.258 Executing VM operation: HandshakeAllThreads (HandshakeForDeflation) done
Event: 60.258 Executing VM operation: RendezvousGCThreads
Event: 60.258 Executing VM operation: RendezvousGCThreads done

Events (20 events):
Event: 0.127 Protecting memory [0x00007ffeeb93e000,0x00007ffeeb942000] with protection modes 0
Event: 0.127 Thread 0x00007f85e7060e00 Thread added: 0x00007f85e7060e00
Event: 0.166 Thread 0x00007f85e4847c00 Thread added: 0x00007f85e4847c00
Event: 0.166 Protecting memory [0x000070000c7b1000,0x000070000c7b5000] with protection modes 0
Event: 0.299 Thread 0x00007f85e621d200 Thread added: 0x00007f85e621d200
Event: 0.299 Protecting memory [0x000070000cbc6000,0x000070000cbca000] with protection modes 0
Event: 0.301 Thread 0x00007f85e611a000 Thread added: 0x00007f85e611a000
Event: 0.301 Protecting memory [0x000070000ccc9000,0x000070000cccd000] with protection modes 0
Event: 0.338 Thread 0x00007f85e611a800 Thread added: 0x00007f85e611a800
Event: 0.338 Protecting memory [0x000070000cdcc000,0x000070000cdd0000] with protection modes 0
Event: 0.338 Protecting memory [0x000070000b578000,0x000070000b57c000] with protection modes 3
Event: 0.338 Thread 0x00007f85e6818400 Thread exited: 0x00007f85e6818400
Event: 0.338 Protecting memory [0x000070000b578000,0x000070000b57c000] with protection modes 0
Event: 0.338 Thread 0x00007f85e6015a00 Thread added: 0x00007f85e6015a00
Event: 0.369 Thread 0x00007f85e7164600 Thread added: 0x00007f85e7164600
Event: 0.369 Protecting memory [0x000070000cecf000,0x000070000ced3000] with protection modes 0
Event: 1.088 Thread 0x00007f85e4847400 Thread added: 0x00007f85e4847400
Event: 1.088 Protecting memory [0x000070000d055000,0x000070000d059000] with protection modes 0
Event: 6.042 Protecting memory [0x000070000cecf000,0x000070000ced3000] with protection modes 3
Event: 6.042 Thread 0x00007f85e7164600 Thread exited: 0x00007f85e7164600


Dynamic libraries:
0x00007fff72359000 	/usr/lib/libz.1.dylib
0x0000000103ad5000 	/Library/Java/JavaVirtualMachines/jdk-21.jdk/Contents/Home/lib/libjli.dylib
0x00007fff37d1c000 	/System/Library/Frameworks/Cocoa.framework/Versions/A/Cocoa
0x00007fff45534000 	/System/Library/Frameworks/Security.framework/Versions/A/Security
0x00007fff36c82000 	/System/Library/Frameworks/ApplicationServices.framework/Versions/A/ApplicationServices
0x00007fff6fe1d000 	/usr/lib/libSystem.B.dylib
0x00007fff72c1a000 	/usr/lib/system/libcache.dylib
0x00007fff72c20000 	/usr/lib/system/libcommonCrypto.dylib
0x00007fff72c2c000 	/usr/lib/system/libcompiler_rt.dylib
0x00007fff72c34000 	/usr/lib/system/libcopyfile.dylib
0x00007fff72c3e000 	/usr/lib/system/libcorecrypto.dylib
0x00007fff72ddd000 	/usr/lib/system/libdispatch.dylib
0x00007fff72e1e000 	/usr/lib/system/libdyld.dylib
0x00007fff72e55000 	/usr/lib/system/libkeymgr.dylib
0x00007fff72e63000 	/usr/lib/system/liblaunch.dylib
0x00007fff72e64000 	/usr/lib/system/libmacho.dylib
0x00007fff72e6a000 	/usr/lib/system/libquarantine.dylib
0x00007fff72e6d000 	/usr/lib/system/libremovefile.dylib
0x00007fff72e6f000 	/usr/lib/system/libsystem_asl.dylib
0x00007fff72e87000 	/usr/lib/system/libsystem_blocks.dylib
0x00007fff72e88000 	/usr/lib/system/libsystem_c.dylib
0x00007fff72f10000 	/usr/lib/system/libsystem_configuration.dylib
0x00007fff72f14000 	/usr/lib/system/libsystem_coreservices.dylib
0x00007fff72f18000 	/usr/lib/system/libsystem_darwin.dylib
0x00007fff72f21000 	/usr/lib/system/libsystem_dnssd.dylib
0x00007fff72f29000 	/usr/lib/system/libsystem_featureflags.dylib
0x00007fff72f2b000 	/usr/lib/system/libsystem_info.dylib
0x00007fff72fa6000 	/usr/lib/system/libsystem_m.dylib
0x00007fff72fee000 	/usr/lib/system/libsystem_malloc.dylib
0x00007fff73016000 	/usr/lib/system/libsystem_networkextension.dylib
0x00007fff73024000 	/usr/lib/system/libsystem_notify.dylib
0x00007fff73042000 	/usr/lib/system/libsystem_sandbox.dylib
0x00007fff73047000 	/usr/lib/system/libsystem_secinit.dylib
0x00007fff72f79000 	/usr/lib/system/libsystem_kernel.dylib
0x00007fff7302e000 	/usr/lib/system/libsystem_platform.dylib
0x00007fff73037000 	/usr/lib/system/libsystem_pthread.dylib
0x00007fff7304a000 	/usr/lib/system/libsystem_symptoms.dylib
0x00007fff73052000 	/usr/lib/system/libsystem_trace.dylib
0x00007fff7306a000 	/usr/lib/system/libunwind.dylib
0x00007fff73070000 	/usr/lib/system/libxpc.dylib
0x00007fff71c7d000 	/usr/lib/libobjc.A.dylib
0x00007fff70156000 	/usr/lib/libc++abi.dylib
0x00007fff70103000 	/usr/lib/libc++.1.dylib
0x00007fff38bbe000 	/System/Library/Frameworks/CoreFoundation.framework/Versions/A/CoreFoundation
0x00007fff3b27c000 	/System/Library/Frameworks/Foundation.framework/Versions/C/Foundation
0x00007fff35e72000 	/System/Library/Frameworks/AppKit.framework/Versions/C/AppKit
0x00007fff386a0000 	/System/Library/Frameworks/CoreData.framework/Versions/A/CoreData
0x00007fff69e0a000 	/System/Library/PrivateFrameworks/UIFoundation.framework/Versions/A/UIFoundation
0x00007fff64e9e000 	/System/Library/PrivateFrameworks/RemoteViewServices.framework/Versions/A/RemoteViewServices
0x00007fff6c98d000 	/System/Library/PrivateFrameworks/XCTTargetBootstrap.framework/Versions/A/XCTTargetBootstrap
0x00007fff38a8b000 	/System/Library/Frameworks/CoreDisplay.framework/Versions/A/CoreDisplay
0x00007fff3e137000 	/System/Library/Frameworks/Metal.framework/Versions/A/Metal
0x00007fff52d2f000 	/System/Library/PrivateFrameworks/DesktopServicesPriv.framework/Versions/A/DesktopServicesPriv
0x00007fff70f58000 	/usr/lib/liblangid.dylib
0x00007fff51fc4000 	/System/Library/PrivateFrameworks/CoreSVG.framework/Versions/A/CoreSVG
0x00007fff67ffa000 	/System/Library/PrivateFrameworks/SkyLight.framework/Versions/A/SkyLight
0x00007fff39040000 	/System/Library/Frameworks/CoreGraphics.framework/Versions/A/CoreGraphics
0x00007fff34846000 	/System/Library/Frameworks/Accelerate.framework/Versions/A/Accelerate
0x00007fff7224a000 	/usr/lib/libxml2.2.dylib
0x00007fff5dcd0000 	/System/Library/PrivateFrameworks/IconServices.framework/Versions/A/IconServices
0x00007fff3ba5b000 	/System/Library/Frameworks/IOSurface.framework/Versions/A/IOSurface
0x00007fff6f947000 	/usr/lib/libDiagnosticMessagesClient.dylib
0x00007fff52b89000 	/System/Library/PrivateFrameworks/DFRFoundation.framework/Versions/A/DFRFoundation
0x00007fff70ce7000 	/usr/lib/libicucore.A.dylib
0x00007fff36fb4000 	/System/Library/Frameworks/AudioToolbox.framework/Versions/A/AudioToolbox
0x00007fff37097000 	/System/Library/Frameworks/AudioUnit.framework/Versions/A/AudioUnit
0x00007fff7001f000 	/usr/lib/libauto.dylib
0x00007fff52c2b000 	/System/Library/PrivateFrameworks/DataDetectorsCore.framework/Versions/A/DataDetectorsCore
0x00007fff3783d000 	/System/Library/Frameworks/Carbon.framework/Versions/A/Frameworks/HIToolbox.framework/Versions/A/HIToolbox
0x00007fff4472e000 	/System/Library/Frameworks/QuartzCore.framework/Versions/A/QuartzCore
0x00007fff37b7c000 	/System/Library/Frameworks/Carbon.framework/Versions/A/Frameworks/SpeechRecognition.framework/Versions/A/SpeechRecognition
0x00007fff5269d000 	/System/Library/PrivateFrameworks/CoreUI.framework/Versions/A/CoreUI
0x00007fff3810b000 	/System/Library/Frameworks/CoreAudio.framework/Versions/A/CoreAudio
0x00007fff3af3b000 	/System/Library/Frameworks/DiskArbitration.framework/Versions/A/DiskArbitration
0x00007fff5fe77000 	/System/Library/PrivateFrameworks/MultitouchSupport.framework/Versions/A/MultitouchSupport
0x00007fff70bae000 	/usr/lib/libenergytrace.dylib
0x00007fff3b9b5000 	/System/Library/Frameworks/IOKit.framework/Versions/A/IOKit
0x00007fff39fa7000 	/System/Library/Frameworks/CoreServices.framework/Versions/A/CoreServices
0x00007fff62031000 	/System/Library/PrivateFrameworks/PerformanceAnalysis.framework/Versions/A/PerformanceAnalysis
0x00007fff43761000 	/System/Library/Frameworks/OpenGL.framework/Versions/A/OpenGL
0x00007fff37d2a000 	/System/Library/Frameworks/ColorSync.framework/Versions/A/ColorSync
0x00007fff396c3000 	/System/Library/Frameworks/CoreImage.framework/Versions/A/CoreImage
0x00007fff3aa1a000 	/System/Library/Frameworks/CoreText.framework/Versions/A/CoreText
0x00007fff3baeb000 	/System/Library/Frameworks/ImageIO.framework/Versions/A/ImageIO
0x00007fff7017f000 	/usr/lib/libcompression.dylib
0x00007fff6fc8b000 	/usr/lib/libMobileGestalt.dylib
0x00007fff69b74000 	/System/Library/PrivateFrameworks/TextureIO.framework/Versions/A/TextureIO
0x00007fff6ff82000 	/usr/lib/libate.dylib
0x00007fff5ded9000 	/System/Library/PrivateFrameworks/InternationalSupport.framework/Versions/A/InternationalSupport
0x00007fff70f5a000 	/usr/lib/liblzma.5.dylib
0x00007fff70bd5000 	/usr/lib/libfakelink.dylib
0x00007fff6ff0f000 	/usr/lib/libarchive.2.dylib
0x00007fff465e7000 	/System/Library/Frameworks/SystemConfiguration.framework/Versions/A/SystemConfiguration
0x00007fff6f87a000 	/usr/lib/libCRFSuite.dylib
0x00007fff3742e000 	/System/Library/Frameworks/CFNetwork.framework/Versions/A/CFNetwork
0x00007fff700e5000 	/usr/lib/libbsm.0.dylib
0x00007fff72e56000 	/usr/lib/system/libkxld.dylib
0x00007fff4c503000 	/System/Library/PrivateFrameworks/AppleFSCompression.framework/Versions/A/AppleFSCompression
0x00007fff70470000 	/usr/lib/libcoretls.dylib
0x00007fff70487000 	/usr/lib/libcoretls_cfhelpers.dylib
0x00007fff71cc3000 	/usr/lib/libpam.2.dylib
0x00007fff71df8000 	/usr/lib/libsqlite3.dylib
0x00007fff72237000 	/usr/lib/libxar.1.dylib
0x00007fff700f6000 	/usr/lib/libbz2.1.0.dylib
0x00007fff70bf6000 	/usr/lib/libiconv.2.dylib
0x00007fff7016c000 	/usr/lib/libcharset.1.dylib
0x00007fff71760000 	/usr/lib/libnetwork.dylib
0x00007fff71cca000 	/usr/lib/libpcap.A.dylib
0x00007fff6fec4000 	/usr/lib/libapple_nghttp2.dylib
0x00007fff3a35e000 	/System/Library/Frameworks/CoreServices.framework/Versions/A/Frameworks/FSEvents.framework/Versions/A/FSEvents
0x00007fff3a02e000 	/System/Library/Frameworks/CoreServices.framework/Versions/A/Frameworks/CarbonCore.framework/Versions/A/CarbonCore
0x00007fff3a5a2000 	/System/Library/Frameworks/CoreServices.framework/Versions/A/Frameworks/Metadata.framework/Versions/A/Metadata
0x00007fff3a63b000 	/System/Library/Frameworks/CoreServices.framework/Versions/A/Frameworks/OSServices.framework/Versions/A/OSServices
0x00007fff3a669000 	/System/Library/Frameworks/CoreServices.framework/Versions/A/Frameworks/SearchKit.framework/Versions/A/SearchKit
0x00007fff39fa8000 	/System/Library/Frameworks/CoreServices.framework/Versions/A/Frameworks/AE.framework/Versions/A/AE
0x00007fff3a367000 	/System/Library/Frameworks/CoreServices.framework/Versions/A/Frameworks/LaunchServices.framework/Versions/A/LaunchServices
0x00007fff3a310000 	/System/Library/Frameworks/CoreServices.framework/Versions/A/Frameworks/DictionaryServices.framework/Versions/A/DictionaryServices
0x00007fff3a6d1000 	/System/Library/Frameworks/CoreServices.framework/Versions/A/Frameworks/SharedFileList.framework/Versions/A/SharedFileList
0x00007fff3f580000 	/System/Library/Frameworks/NetFS.framework/Versions/A/NetFS
0x00007fff603a7000 	/System/Library/PrivateFrameworks/NetAuth.framework/Versions/A/NetAuth
0x00007fff6cd5a000 	/System/Library/PrivateFrameworks/login.framework/Versions/A/Frameworks/loginsupport.framework/Versions/A/loginsupport
0x00007fff6963f000 	/System/Library/PrivateFrameworks/TCC.framework/Versions/A/TCC
0x00007fff51137000 	/System/Library/PrivateFrameworks/CoreNLP.framework/Versions/A/CoreNLP
0x00007fff5f74d000 	/System/Library/PrivateFrameworks/MetadataUtilities.framework/Versions/A/MetadataUtilities
0x00007fff71032000 	/usr/lib/libmecabra.dylib
0x00007fff70f8a000 	/usr/lib/libmecab.dylib
0x00007fff70be6000 	/usr/lib/libgermantok.dylib
0x00007fff6feab000 	/usr/lib/libThaiTokenizer.dylib
0x00007fff6f8b1000 	/usr/lib/libChineseTokenizer.dylib
0x00007fff3485e000 	/System/Library/Frameworks/Accelerate.framework/Versions/A/Frameworks/vImage.framework/Versions/A/vImage
0x00007fff35cc8000 	/System/Library/Frameworks/Accelerate.framework/Versions/A/Frameworks/vecLib.framework/Versions/A/vecLib
0x00007fff35c05000 	/System/Library/Frameworks/Accelerate.framework/Versions/A/Frameworks/vecLib.framework/Versions/A/libvMisc.dylib
0x00007fff35a2d000 	/System/Library/Frameworks/Accelerate.framework/Versions/A/Frameworks/vecLib.framework/Versions/A/libvDSP.dylib
0x00007fff34eb5000 	/System/Library/Frameworks/Accelerate.framework/Versions/A/Frameworks/vecLib.framework/Versions/A/libBLAS.dylib
0x00007fff355f1000 	/System/Library/Frameworks/Accelerate.framework/Versions/A/Frameworks/vecLib.framework/Versions/A/libLAPACK.dylib
0x00007fff3598d000 	/System/Library/Frameworks/Accelerate.framework/Versions/A/Frameworks/vecLib.framework/Versions/A/libLinearAlgebra.dylib
0x00007fff35a1a000 	/System/Library/Frameworks/Accelerate.framework/Versions/A/Frameworks/vecLib.framework/Versions/A/libSparseBLAS.dylib
0x00007fff359a3000 	/System/Library/Frameworks/Accelerate.framework/Versions/A/Frameworks/vecLib.framework/Versions/A/libQuadrature.dylib
0x00007fff3511d000 	/System/Library/Frameworks/Accelerate.framework/Versions/A/Frameworks/vecLib.framework/Versions/A/libBNNS.dylib
0x00007fff359a9000 	/System/Library/Frameworks/Accelerate.framework/Versions/A/Frameworks/vecLib.framework/Versions/A/libSparse.dylib
0x00007fff5e2c1000 	/System/Library/PrivateFrameworks/LanguageModeling.framework/Versions/A/LanguageModeling
0x00007fff50ae6000 	/System/Library/PrivateFrameworks/CoreEmoji.framework/Versions/A/CoreEmoji
0x00007fff5e3df000 	/System/Library/PrivateFrameworks/LinguisticData.framework/Versions/A/LinguisticData
0x00007fff5e390000 	/System/Library/PrivateFrameworks/Lexicon.framework/Versions/A/Lexicon
0x00007fff7016d000 	/usr/lib/libcmph.dylib
0x00007fff4216f000 	/System/Library/Frameworks/OpenDirectory.framework/Versions/A/Frameworks/CFOpenDirectory.framework/Versions/A/CFOpenDirectory
0x00007fff4218c000 	/System/Library/Frameworks/OpenDirectory.framework/Versions/A/OpenDirectory
0x00007fff4a5d1000 	/System/Library/PrivateFrameworks/APFS.framework/Versions/A/APFS
0x00007fff45880000 	/System/Library/Frameworks/SecurityFoundation.framework/Versions/A/SecurityFoundation
0x00007fff72233000 	/usr/lib/libutil.dylib
0x00007fff5201c000 	/System/Library/PrivateFrameworks/CoreServicesStore.framework/Versions/A/CoreServicesStore
0x00007fff45937000 	/System/Library/Frameworks/ServiceManagement.framework/Versions/A/ServiceManagement
0x00007fff4dcd4000 	/System/Library/PrivateFrameworks/BackgroundTaskManagement.framework/Versions/A/BackgroundTaskManagement
0x00007fff72330000 	/usr/lib/libxslt.1.dylib
0x00007fff4cb76000 	/System/Library/PrivateFrameworks/AppleSystemInfo.framework/Versions/A/AppleSystemInfo
0x00007fff3bd08000 	/System/Library/Frameworks/ImageIO.framework/Versions/A/Resources/libJPEG.dylib
0x00007fff3bfc5000 	/System/Library/Frameworks/ImageIO.framework/Versions/A/Resources/libTIFF.dylib
0x00007fff3bfa8000 	/System/Library/Frameworks/ImageIO.framework/Versions/A/Resources/libPng.dylib
0x00007fff3bc4a000 	/System/Library/Frameworks/ImageIO.framework/Versions/A/Resources/libGIF.dylib
0x00007fff3bc4e000 	/System/Library/Frameworks/ImageIO.framework/Versions/A/Resources/libJP2.dylib
0x00007fff3bfc3000 	/System/Library/Frameworks/ImageIO.framework/Versions/A/Resources/libRadiance.dylib
0x00007fff70baf000 	/usr/lib/libexpat.1.dylib
0x00007fff4c65e000 	/System/Library/PrivateFrameworks/AppleJPEG.framework/Versions/A/AppleJPEG
0x00007fff55332000 	/System/Library/PrivateFrameworks/FontServices.framework/libFontParser.dylib
0x00007fff6bd5c000 	/System/Library/PrivateFrameworks/WatchdogClient.framework/Versions/A/WatchdogClient
0x00007fff5d91c000 	/System/Library/PrivateFrameworks/IOAccelerator.framework/Versions/A/IOAccelerator
0x00007fff3e4d2000 	/System/Library/Frameworks/MetalPerformanceShaders.framework/Versions/A/MetalPerformanceShaders
0x00007fff5a0ac000 	/System/Library/PrivateFrameworks/GPUWrangler.framework/Versions/A/GPUWrangler
0x00007fff5d931000 	/System/Library/PrivateFrameworks/IOPresentment.framework/Versions/A/IOPresentment
0x00007fff52b9c000 	/System/Library/PrivateFrameworks/DSExternalDisplay.framework/Versions/A/DSExternalDisplay
0x00007fff42b00000 	/System/Library/Frameworks/OpenGL.framework/Versions/A/Libraries/libCoreFSCache.dylib
0x00007fff3e21e000 	/System/Library/Frameworks/MetalPerformanceShaders.framework/Frameworks/MPSCore.framework/Versions/A/MPSCore
0x00007fff3e25c000 	/System/Library/Frameworks/MetalPerformanceShaders.framework/Frameworks/MPSImage.framework/Versions/A/MPSImage
0x00007fff3e323000 	/System/Library/Frameworks/MetalPerformanceShaders.framework/Frameworks/MPSNeuralNetwork.framework/Versions/A/MPSNeuralNetwork
0x00007fff3e2e7000 	/System/Library/Frameworks/MetalPerformanceShaders.framework/Frameworks/MPSMatrix.framework/Versions/A/MPSMatrix
0x00007fff3e482000 	/System/Library/Frameworks/MetalPerformanceShaders.framework/Frameworks/MPSRayIntersector.framework/Versions/A/MPSRayIntersector
0x00007fff3e30d000 	/System/Library/Frameworks/MetalPerformanceShaders.framework/Frameworks/MPSNDArray.framework/Versions/A/MPSNDArray
0x00007fff5f79a000 	/System/Library/PrivateFrameworks/MetalTools.framework/Versions/A/MetalTools
0x00007fff4b7ab000 	/System/Library/PrivateFrameworks/AggregateDictionary.framework/Versions/A/AggregateDictionary
0x00007fff5052e000 	/System/Library/PrivateFrameworks/CoreAnalytics.framework/Versions/A/CoreAnalytics
0x00007fff4ca95000 	/System/Library/PrivateFrameworks/AppleSauce.framework/Versions/A/AppleSauce
0x00007fff6fb6d000 	/usr/lib/libIOReport.dylib
0x00007fff3abd2000 	/System/Library/Frameworks/CoreVideo.framework/Versions/A/CoreVideo
0x00007fff5b525000 	/System/Library/PrivateFrameworks/GraphVisualizer.framework/Versions/A/GraphVisualizer
0x00007fff54878000 	/System/Library/PrivateFrameworks/FaceCore.framework/Versions/A/FaceCore
0x00007fff42116000 	/System/Library/Frameworks/OpenCL.framework/Versions/A/OpenCL
0x00007fff6f98f000 	/usr/lib/libFosl_dynamic.dylib
0x00007fff60dc8000 	/System/Library/PrivateFrameworks/OTSVG.framework/Versions/A/OTSVG
0x00007fff36d87000 	/System/Library/Frameworks/ApplicationServices.framework/Versions/A/Frameworks/ATS.framework/Versions/A/Resources/libFontRegistry.dylib
0x00007fff55500000 	/System/Library/PrivateFrameworks/FontServices.framework/libhvf.dylib
0x00007fff42b0b000 	/System/Library/Frameworks/OpenGL.framework/Versions/A/Libraries/libGFXShared.dylib
0x00007fff42ce9000 	/System/Library/Frameworks/OpenGL.framework/Versions/A/Libraries/libGLU.dylib
0x00007fff42b14000 	/System/Library/Frameworks/OpenGL.framework/Versions/A/Libraries/libGL.dylib
0x00007fff42b1f000 	/System/Library/Frameworks/OpenGL.framework/Versions/A/Libraries/libGLImage.dylib
0x00007fff42afd000 	/System/Library/Frameworks/OpenGL.framework/Versions/A/Libraries/libCVMSPluginSupport.dylib
0x00007fff42b06000 	/System/Library/Frameworks/OpenGL.framework/Versions/A/Libraries/libCoreVMClient.dylib
0x00007fff71601000 	/usr/lib/libncurses.5.4.dylib
0x00007fff36c83000 	/System/Library/Frameworks/ApplicationServices.framework/Versions/A/Frameworks/ATS.framework/Versions/A/ATS
0x00007fff36e50000 	/System/Library/Frameworks/ApplicationServices.framework/Versions/A/Frameworks/ColorSyncLegacy.framework/Versions/A/ColorSyncLegacy
0x00007fff36eee000 	/System/Library/Frameworks/ApplicationServices.framework/Versions/A/Frameworks/HIServices.framework/Versions/A/HIServices
0x00007fff36f46000 	/System/Library/Frameworks/ApplicationServices.framework/Versions/A/Frameworks/LangAnalysis.framework/Versions/A/LangAnalysis
0x00007fff36f55000 	/System/Library/Frameworks/ApplicationServices.framework/Versions/A/Frameworks/PrintCore.framework/Versions/A/PrintCore
0x00007fff36f9b000 	/System/Library/Frameworks/ApplicationServices.framework/Versions/A/Frameworks/QD.framework/Versions/A/QD
0x00007fff36fa6000 	/System/Library/Frameworks/ApplicationServices.framework/Versions/A/Frameworks/SpeechSynthesis.framework/Versions/A/SpeechSynthesis
0x00007fff36e20000 	/System/Library/Frameworks/ApplicationServices.framework/Versions/A/Frameworks/ATSUI.framework/Versions/A/ATSUI
0x00007fff70a45000 	/usr/lib/libcups.2.dylib
0x00007fff3d56d000 	/System/Library/Frameworks/Kerberos.framework/Versions/A/Kerberos
0x00007fff3b6ae000 	/System/Library/Frameworks/GSS.framework/Versions/A/GSS
0x00007fff71d84000 	/usr/lib/libresolv.9.dylib
0x00007fff5b6d2000 	/System/Library/PrivateFrameworks/Heimdal.framework/Versions/A/Heimdal
0x00007fff3d580000 	/System/Library/Frameworks/Kerberos.framework/Versions/A/Libraries/libHeimdalProxy.dylib
0x00007fff70bec000 	/usr/lib/libheimdal-asn1.dylib
0x00007fff4f9c6000 	/System/Library/PrivateFrameworks/CommonAuth.framework/Versions/A/CommonAuth
0x00007fff4cc13000 	/System/Library/PrivateFrameworks/AssertionServices.framework/Versions/A/AssertionServices
0x00007fff4d7b6000 	/System/Library/PrivateFrameworks/AudioToolboxCore.framework/Versions/A/AudioToolboxCore
0x00007fff6ca0a000 	/System/Library/PrivateFrameworks/caulk.framework/Versions/A/caulk
0x00007fff4dd80000 	/System/Library/PrivateFrameworks/BaseBoard.framework/Versions/A/BaseBoard
0x00007fff6502c000 	/System/Library/PrivateFrameworks/RunningBoardServices.framework/Versions/A/RunningBoardServices
0x00007fff6203d000 	/System/Library/PrivateFrameworks/PersistentConnection.framework/Versions/A/PersistentConnection
0x00007fff64a25000 	/System/Library/PrivateFrameworks/ProtocolBuffer.framework/Versions/A/ProtocolBuffer
0x00007fff4f9ea000 	/System/Library/PrivateFrameworks/CommonUtilities.framework/Versions/A/CommonUtilities
0x00007fff4df0e000 	/System/Library/PrivateFrameworks/Bom.framework/Versions/A/Bom
0x00007fff6f840000 	/usr/lib/libAudioToolboxUtility.dylib
0x00007fff4dcde000 	/System/Library/PrivateFrameworks/Backup.framework/Versions/A/Backup
0x00007fff52abd000 	/System/Library/PrivateFrameworks/CrashReporterSupport.framework/Versions/A/CrashReporterSupport
0x00007fff66abe000 	/System/Library/PrivateFrameworks/Sharing.framework/Versions/A/Sharing
0x00007fff4c221000 	/System/Library/PrivateFrameworks/Apple80211.framework/Versions/A/Apple80211
0x00007fff4d9fb000 	/System/Library/PrivateFrameworks/AuthKit.framework/Versions/A/AuthKit
0x00007fff527ca000 	/System/Library/PrivateFrameworks/CoreUtils.framework/Versions/A/CoreUtils
0x00007fff3ac17000 	/System/Library/Frameworks/CoreWLAN.framework/Versions/A/CoreWLAN
0x00007fff3b83b000 	/System/Library/Frameworks/IOBluetooth.framework/Versions/A/IOBluetooth
0x00007fff5fbf6000 	/System/Library/PrivateFrameworks/MobileKeyBag.framework/Versions/A/MobileKeyBag
0x00007fff515cf000 	/System/Library/PrivateFrameworks/CorePhoneNumbers.framework/Versions/A/CorePhoneNumbers
0x00007fff4c611000 	/System/Library/PrivateFrameworks/AppleIDAuthSupport.framework/Versions/A/AppleIDAuthSupport
0x00007fff3f58d000 	/System/Library/Frameworks/Network.framework/Versions/A/Network
0x00007fff5e16d000 	/System/Library/PrivateFrameworks/KeychainCircle.framework/Versions/A/KeychainCircle
0x00007fff38667000 	/System/Library/Frameworks/CoreBluetooth.framework/Versions/A/CoreBluetooth
0x00007fff68b3d000 	/System/Library/PrivateFrameworks/SpeechRecognitionCore.framework/Versions/A/SpeechRecognitionCore
0x0000000104c00000 	/Library/Java/JavaVirtualMachines/jdk-21.jdk/Contents/Home/lib/server/libjvm.dylib
0x0000000103b00000 	/Library/Java/JavaVirtualMachines/jdk-21.jdk/Contents/Home/lib/libjimage.dylib
0x0000000103b5a000 	/Library/Java/JavaVirtualMachines/jdk-21.jdk/Contents/Home/lib/libjava.dylib
0x0000000103ba1000 	/Library/Java/JavaVirtualMachines/jdk-21.jdk/Contents/Home/lib/libnio.dylib
0x0000000103bbd000 	/Library/Java/JavaVirtualMachines/jdk-21.jdk/Contents/Home/lib/libnet.dylib
0x0000000103bd1000 	/Library/Java/JavaVirtualMachines/jdk-21.jdk/Contents/Home/lib/libzip.dylib
0x0000000112c10000 	/Library/Java/JavaVirtualMachines/jdk-21.jdk/Contents/Home/lib/libawt.dylib
0x0000000112cd0000 	/Library/Java/JavaVirtualMachines/jdk-21.jdk/Contents/Home/lib/libmlib_image.dylib
0x00007fff3d560000 	/System/Library/Frameworks/JavaVM.framework/Versions/A/Frameworks/JavaRuntimeSupport.framework/Versions/A/JavaRuntimeSupport
0x00007fff3d557000 	/System/Library/Frameworks/JavaVM.framework/Versions/A/Frameworks/JavaNativeFoundation.framework/Versions/A/JavaNativeFoundation
0x00007fff3d568000 	/System/Library/Frameworks/JavaVM.framework/Versions/A/JavaVM
0x00007fff37838000 	/System/Library/Frameworks/Carbon.framework/Versions/A/Carbon
0x00007fff5256f000 	/System/Library/PrivateFrameworks/CoreSymbolication.framework/Versions/A/CoreSymbolication
0x00007fff5df84000 	/System/Library/PrivateFrameworks/JavaLaunching.framework/Versions/A/JavaLaunching
0x00007fff37839000 	/System/Library/Frameworks/Carbon.framework/Versions/A/Frameworks/CommonPanels.framework/Versions/A/CommonPanels
0x00007fff37b32000 	/System/Library/Frameworks/Carbon.framework/Versions/A/Frameworks/Help.framework/Versions/A/Help
0x00007fff37b36000 	/System/Library/Frameworks/Carbon.framework/Versions/A/Frameworks/ImageCapture.framework/Versions/A/ImageCapture
0x00007fff37b3d000 	/System/Library/Frameworks/Carbon.framework/Versions/A/Frameworks/OpenScripting.framework/Versions/A/OpenScripting
0x00007fff37b3c000 	/System/Library/Frameworks/Carbon.framework/Versions/A/Frameworks/Ink.framework/Versions/A/Ink
0x00007fff37b78000 	/System/Library/Frameworks/Carbon.framework/Versions/A/Frameworks/Print.framework/Versions/A/Print
0x00007fff37b79000 	/System/Library/Frameworks/Carbon.framework/Versions/A/Frameworks/SecurityHI.framework/Versions/A/SecurityHI
0x00007fff52cf1000 	/System/Library/PrivateFrameworks/DebugSymbols.framework/Versions/A/DebugSymbols
0x0000000112d6c000 	/Library/Java/JavaVirtualMachines/jdk-21.jdk/Contents/Home/lib/libawt_lwawt.dylib
0x0000000112e9c000 	/Library/Java/JavaVirtualMachines/jdk-21.jdk/Contents/Home/lib/libosxapp.dylib
0x00007fff3b117000 	/System/Library/Frameworks/ExceptionHandling.framework/Versions/A/ExceptionHandling
0x0000000112ec4000 	/Library/Java/JavaVirtualMachines/jdk-21.jdk/Contents/Home/lib/libfontmanager.dylib
0x00000001130d0000 	/Library/Java/JavaVirtualMachines/jdk-21.jdk/Contents/Home/lib/libfreetype.dylib
0x00007fff51fe8000 	/System/Library/PrivateFrameworks/CoreServicesInternal.framework/Versions/A/CoreServicesInternal
0x00007fff3b136000 	/System/Library/Frameworks/FileProvider.framework/Versions/A/FileProvider
0x00007fff35cc9000 	/System/Library/Frameworks/Accounts.framework/Versions/A/Accounts
0x00007fff5a3d1000 	/System/Library/PrivateFrameworks/GenerationalStorage.framework/Versions/A/GenerationalStorage
0x00007fff6937f000 	/System/Library/PrivateFrameworks/SymptomDiagnosticReporter.framework/Versions/A/SymptomDiagnosticReporter
0x00007fff4bd25000 	/System/Library/PrivateFrameworks/AppContainer.framework/Versions/A/AppContainer
0x00007fff71d9e000 	/usr/lib/libsandbox.1.dylib
0x00007fff6acff000 	/System/Library/PrivateFrameworks/UserManagement.framework/Versions/A/UserManagement
0x00007fff4eaca000 	/System/Library/PrivateFrameworks/ChunkingLibrary.framework/Versions/A/ChunkingLibrary
0x00007fff4bd97000 	/System/Library/PrivateFrameworks/AppSandbox.framework/Versions/A/AppSandbox
0x00007fff66948000 	/System/Library/PrivateFrameworks/SecCodeWrapper.framework/Versions/A/SecCodeWrapper
0x00007fff6fc55000 	/usr/lib/libMatch.1.dylib
0x00007fff2bcb1000 	/System/Library/CoreServices/RawCamera.bundle/Contents/MacOS/RawCamera
0x00007fff5f8c9000 	/System/Library/PrivateFrameworks/MobileAsset.framework/Versions/A/MobileAsset
0x00007fff69227000 	/System/Library/PrivateFrameworks/StreamingZip.framework/Versions/A/StreamingZip
0x00007fff3d9e8000 	/System/Library/Frameworks/MediaToolbox.framework/Versions/A/MediaToolbox
0x00007fff504de000 	/System/Library/PrivateFrameworks/CoreAVCHD.framework/Versions/A/CoreAVCHD
0x00007fff3d912000 	/System/Library/Frameworks/MediaAccessibility.framework/Versions/A/MediaAccessibility
0x00007fff5ec7d000 	/System/Library/PrivateFrameworks/Mangrove.framework/Versions/A/Mangrove
0x00007fff39ddf000 	/System/Library/Frameworks/CoreMedia.framework/Versions/A/CoreMedia
0x00007fff5eee9000 	/System/Library/PrivateFrameworks/MediaExperience.framework/Versions/A/MediaExperience
0x00007fff468e1000 	/System/Library/Frameworks/VideoToolbox.framework/Versions/A/VideoToolbox
0x00007fff50108000 	/System/Library/PrivateFrameworks/CoreAUC.framework/Versions/A/CoreAUC
0x00007fff71df6000 	/usr/lib/libspindump.dylib
0x00007fff4d165000 	/System/Library/PrivateFrameworks/AudioResourceArbitration.framework/Versions/A/AudioResourceArbitration
0x00007fff4cb7a000 	/System/Library/PrivateFrameworks/AppleVA.framework/Versions/A/AppleVA
0x00007fff34847000 	/System/Library/Frameworks/Accelerate.framework/Versions/A/Frameworks/vImage.framework/Versions/A/Libraries/libCGInterfaces.dylib
0x000000011392b000 	/usr/lib/libobjc-trampolines.dylib
0x00007fff55469000 	/System/Library/PrivateFrameworks/FontServices.framework/libTrueTypeScaler.dylib
0x00007fff315bf000 	/System/Library/Extensions/AppleIntelKBLGraphicsMTLDriver.bundle/Contents/MacOS/AppleIntelKBLGraphicsMTLDriver
0x00007fff589f1000 	/System/Library/PrivateFrameworks/GPUCompiler.framework/Versions/3902/Libraries/libmetal_timestamp.dylib
0x00007fff6bacb000 	/System/Library/PrivateFrameworks/ViewBridge.framework/Versions/A/ViewBridge
0x000000016b41b000 	/Library/Java/JavaVirtualMachines/jdk-21.jdk/Contents/Home/lib/libosxui.dylib
0x00007fff6cd5d000 	/System/Library/PrivateFrameworks/login.framework/Versions/A/login
0x00007fff2bc8a000 	/System/Library/CoreServices/Encodings/libSimplifiedChineseConverter.dylib
0x0000000192612000 	/Library/Java/JavaVirtualMachines/jdk-21.jdk/Contents/Home/lib/libverify.dylib


VM Arguments:
jvm_args: -Dfile.encoding=UTF-8 --module-path=/Users/macintosh/Desktop/part 3/ui-dashboard-001/build/classes 
java_command: com.raven.main.Main
java_class_path (initial): /Users/macintosh/Desktop/java-swing-login-ui-001-main/part 4/login-001/TimingFramework-0.55.jar:/Applications/NetBeans/Apache NetBeans 18.app/Contents/Resources/NetBeans/netbeans/java/modules/ext/AbsoluteLayout.jar:/Users/macintosh/Desktop/part 3/ui-dashboard-001/build/classes
Launcher Type: SUN_STANDARD

[Global flags]
     intx CICompilerCount                          = 4                                         {product} {ergonomic}
     uint ConcGCThreads                            = 2                                         {product} {ergonomic}
     uint G1ConcRefinementThreads                  = 8                                         {product} {ergonomic}
   size_t G1HeapRegionSize                         = 1048576                                   {product} {ergonomic}
    uintx GCDrainStackTargetSize                   = 64                                        {product} {ergonomic}
   size_t InitialHeapSize                          = 134217728                                 {product} {ergonomic}
   size_t MarkStackSize                            = 4194304                                   {product} {ergonomic}
   size_t MaxHeapSize                              = 2147483648                                {product} {ergonomic}
   size_t MaxNewSize                               = 1287651328                                {product} {ergonomic}
   size_t MinHeapDeltaBytes                        = 1048576                                   {product} {ergonomic}
   size_t MinHeapSize                              = 8388608                                   {product} {ergonomic}
    uintx NonNMethodCodeHeapSize                   = 5839372                                {pd product} {ergonomic}
    uintx NonProfiledCodeHeapSize                  = 122909434                              {pd product} {ergonomic}
    uintx ProfiledCodeHeapSize                     = 122909434                              {pd product} {ergonomic}
    uintx ReservedCodeCacheSize                    = 251658240                              {pd product} {ergonomic}
     bool SegmentedCodeCache                       = true                                      {product} {ergonomic}
   size_t SoftMaxHeapSize                          = 2147483648                             {manageable} {ergonomic}
     bool UseCompressedOops                        = true                           {product lp64_product} {ergonomic}
     bool UseG1GC                                  = true                                      {product} {ergonomic}
     bool UseNUMA                                  = false                                     {product} {ergonomic}
     bool UseNUMAInterleaving                      = false                                     {product} {ergonomic}

Logging:
Log output configuration:
 #0: stdout all=warning uptime,level,tags foldmultilines=false
 #1: stderr all=off uptime,level,tags foldmultilines=false

Environment Variables:
PATH=/usr/bin:/bin:/usr/sbin:/sbin
SHELL=/bin/zsh
LC_CTYPE=UTF-8
TMPDIR=/var/folders/tx/yz4tqvs968gddy5g_kfp6q5w0000gn/T/

Active Locale:
LC_ALL=C/UTF-8/C/C/C/C
LC_COLLATE=C
LC_CTYPE=UTF-8
LC_MESSAGES=C
LC_MONETARY=C
LC_NUMERIC=C
LC_TIME=C

Signal Handlers:
   SIGSEGV: crash_handler in libjvm.dylib, mask=11100110000111110111111111111111, flags=SA_ONSTACK|SA_RESTART|SA_SIGINFO, unblocked
    SIGBUS: crash_handler in libjvm.dylib, mask=11100110000111110111111111111111, flags=SA_RESTART|SA_SIGINFO, unblocked
    SIGFPE: crash_handler in libjvm.dylib, mask=11100110000111110111111111111111, flags=SA_RESTART|SA_SIGINFO, unblocked
   SIGPIPE: javaSignalHandler in libjvm.dylib, mask=11100110000111110111111111111111, flags=SA_RESTART|SA_SIGINFO, blocked
   SIGXFSZ: javaSignalHandler in libjvm.dylib, mask=11100110000111110111111111111111, flags=SA_RESTART|SA_SIGINFO, blocked
    SIGILL: crash_handler in libjvm.dylib, mask=11100110000111110111111111111111, flags=SA_RESTART|SA_SIGINFO, unblocked
   SIGUSR2: SR_handler in libjvm.dylib, mask=00000000000000000000000000000000, flags=SA_RESTART|SA_SIGINFO, blocked
    SIGHUP: UserHandler in libjvm.dylib, mask=11100110000111110111111111111111, flags=SA_RESTART|SA_SIGINFO, blocked
    SIGINT: SIG_IGN, mask=00000000000000000000000000000000, flags=none, blocked
   SIGTERM: UserHandler in libjvm.dylib, mask=11100110000111110111111111111111, flags=SA_RESTART|SA_SIGINFO, blocked
   SIGQUIT: UserHandler in libjvm.dylib, mask=11100110000111110111111111111111, flags=SA_RESTART|SA_SIGINFO, blocked
   SIGTRAP: crash_handler in libjvm.dylib, mask=11100110000111110111111111111111, flags=SA_RESTART|SA_SIGINFO, unblocked


---------------  S Y S T E M  ---------------

OS:
uname: Darwin 19.6.0 Darwin Kernel Version 19.6.0: Tue Jun 22 19:49:55 PDT 2021; root:xnu-6153.141.35~1/RELEASE_X86_64 x86_64
OS uptime: 4 days 7:33 hours
rlimit (soft/hard): STACK 8192k/65532k , CORE 0k/infinity , NPROC 1392/2088 , NOFILE 10240/infinity , AS infinity/infinity , CPU infinity/infinity , DATA infinity/infinity , FSIZE infinity/infinity , MEMLOCK infinity/infinity , RSS infinity/infinity
load average: 2.11 2.05 1.91

CPU: total 8 (initial active 8) (4 cores per cpu, 2 threads per core) family 6 model 142 stepping 10 microcode 0xea, cx8, cmov, fxsr, ht, mmx, 3dnowpref, sse, sse2, sse3, ssse3, sse4.1, sse4.2, popcnt, lzcnt, tsc, tscinvbit, avx, avx2, aes, erms, clmul, bmi1, bmi2, adx, fma, vzeroupper, clflush, clflushopt, rdtscp, f16c
machdep.cpu.brand_string:Intel(R) Core(TM) i5-8257U CPU @ 1.40GHz
hw.cpufrequency:1400000000
hw.cpufrequency_min:1400000000
hw.cpufrequency_max:1400000000
hw.cachelinesize:64
hw.l1icachesize:32768
hw.l1dcachesize:32768
hw.l2cachesize:262144
hw.l3cachesize:6291456

Memory: 4k page, physical 8388608k(182992k free), swap 3145728k(1199616k free)

vm_info: Java HotSpot(TM) 64-Bit Server VM (21+35-LTS-2513) for bsd-amd64 JRE (21+35-LTS-2513), built on 2023-08-09T20:25:10Z by "mach5one" with clang Apple LLVM 12.0.0 (clang-1200.0.32.29)

END.
